[2025-10-30 16:02:44] laravel.EMERGENCY: Unable to create configured logger. Using emergency logger. {"exception":"[object] (InvalidArgumentException(code: 0): Log [] is not defined. at C:\\xampp\\htdocs\\amt\\adms-server-ZKTeco\\vendor\\laravel\\framework\\src\\Illuminate\\Log\\LogManager.php:212)
[stacktrace]
#0 C:\\xampp\\htdocs\\amt\\adms-server-ZKTeco\\vendor\\laravel\\framework\\src\\Illuminate\\Log\\LogManager.php(137): Illuminate\\Log\\LogManager->resolve(NULL, NULL)
#1 C:\\xampp\\htdocs\\amt\\adms-server-ZKTeco\\vendor\\laravel\\framework\\src\\Illuminate\\Log\\LogManager.php(124): Illuminate\\Log\\LogManager->get(NULL)
#2 C:\\xampp\\htdocs\\amt\\adms-server-ZKTeco\\vendor\\laravel\\framework\\src\\Illuminate\\Log\\LogManager.php(722): Illuminate\\Log\\LogManager->driver()
#3 C:\\xampp\\htdocs\\amt\\adms-server-ZKTeco\\vendor\\laravel\\framework\\src\\Illuminate\\Support\\Facades\\Facade.php(355): Illuminate\\Log\\LogManager->info('User identified...', Array)
#4 C:\\xampp\\htdocs\\amt\\adms-server-ZKTeco\\app\\Http\\Controllers\\AttendanceController.php(205): Illuminate\\Support\\Facades\\Facade::__callStatic('info', Array)
#5 C:\\xampp\\htdocs\\amt\\adms-server-ZKTeco\\app\\Http\\Controllers\\AttendanceController.php(150): App\\Http\\Controllers\\AttendanceController->identifyUserType('200226')
#6 C:\\xampp\\htdocs\\amt\\adms-server-ZKTeco\\vendor\\laravel\\framework\\src\\Illuminate\\Routing\\Controller.php(54): App\\Http\\Controllers\\AttendanceController->store(Object(Illuminate\\Http\\Request))
#7 C:\\xampp\\htdocs\\amt\\adms-server-ZKTeco\\vendor\\laravel\\framework\\src\\Illuminate\\Routing\\ControllerDispatcher.php(43): Illuminate\\Routing\\Controller->callAction('store', Array)
#8 C:\\xampp\\htdocs\\amt\\adms-server-ZKTeco\\vendor\\laravel\\framework\\src\\Illuminate\\Routing\\Route.php(259): Illuminate\\Routing\\ControllerDispatcher->dispatch(Object(Illuminate\\Routing\\Route), Object(App\\Http\\Controllers\\AttendanceController), 'store')
#9 C:\\xampp\\htdocs\\amt\\adms-server-ZKTeco\\vendor\\laravel\\framework\\src\\Illuminate\\Routing\\Route.php(205): Illuminate\\Routing\\Route->runController()
#10 C:\\xampp\\htdocs\\amt\\adms-server-ZKTeco\\vendor\\laravel\\framework\\src\\Illuminate\\Routing\\Router.php(806): Illuminate\\Routing\\Route->run()
#11 C:\\xampp\\htdocs\\amt\\adms-server-ZKTeco\\vendor\\laravel\\framework\\src\\Illuminate\\Pipeline\\Pipeline.php(144): Illuminate\\Routing\\Router->Illuminate\\Routing\\{closure}(Object(Illuminate\\Http\\Request))
#12 C:\\xampp\\htdocs\\amt\\adms-server-ZKTeco\\vendor\\laravel\\framework\\src\\Illuminate\\Pipeline\\Pipeline.php(119): Illuminate\\Pipeline\\Pipeline->Illuminate\\Pipeline\\{closure}(Object(Illuminate\\Http\\Request))
#13 C:\\xampp\\htdocs\\amt\\adms-server-ZKTeco\\vendor\\laravel\\framework\\src\\Illuminate\\Routing\\Router.php(805): Illuminate\\Pipeline\\Pipeline->then(Object(Closure))
#14 C:\\xampp\\htdocs\\amt\\adms-server-ZKTeco\\vendor\\laravel\\framework\\src\\Illuminate\\Routing\\Router.php(784): Illuminate\\Routing\\Router->runRouteWithinStack(Object(Illuminate\\Routing\\Route), Object(Illuminate\\Http\\Request))
#15 C:\\xampp\\htdocs\\amt\\adms-server-ZKTeco\\vendor\\laravel\\framework\\src\\Illuminate\\Routing\\Router.php(748): Illuminate\\Routing\\Router->runRoute(Object(Illuminate\\Http\\Request), Object(Illuminate\\Routing\\Route))
#16 C:\\xampp\\htdocs\\amt\\adms-server-ZKTeco\\vendor\\laravel\\framework\\src\\Illuminate\\Routing\\Router.php(737): Illuminate\\Routing\\Router->dispatchToRoute(Object(Illuminate\\Http\\Request))
#17 C:\\xampp\\htdocs\\amt\\adms-server-ZKTeco\\vendor\\laravel\\framework\\src\\Illuminate\\Foundation\\Http\\Kernel.php(200): Illuminate\\Routing\\Router->dispatch(Object(Illuminate\\Http\\Request))
#18 C:\\xampp\\htdocs\\amt\\adms-server-ZKTeco\\vendor\\laravel\\framework\\src\\Illuminate\\Pipeline\\Pipeline.php(144): Illuminate\\Foundation\\Http\\Kernel->Illuminate\\Foundation\\Http\\{closure}(Object(Illuminate\\Http\\Request))
#19 C:\\xampp\\htdocs\\amt\\adms-server-ZKTeco\\vendor\\laravel\\framework\\src\\Illuminate\\Pipeline\\Pipeline.php(119): Illuminate\\Pipeline\\Pipeline->Illuminate\\Pipeline\\{closure}(Object(Illuminate\\Http\\Request))
#20 C:\\xampp\\htdocs\\amt\\adms-server-ZKTeco\\vendor\\laravel\\framework\\src\\Illuminate\\Foundation\\Http\\Kernel.php(175): Illuminate\\Pipeline\\Pipeline->then(Object(Closure))
#21 C:\\xampp\\htdocs\\amt\\adms-server-ZKTeco\\vendor\\laravel\\framework\\src\\Illuminate\\Foundation\\Http\\Kernel.php(144): Illuminate\\Foundation\\Http\\Kernel->sendRequestThroughRouter(Object(Illuminate\\Http\\Request))
#22 C:\\xampp\\htdocs\\amt\\adms-server-ZKTeco\\public\\index.php(51): Illuminate\\Foundation\\Http\\Kernel->handle(Object(Illuminate\\Http\\Request))
#23 C:\\xampp\\htdocs\\amt\\adms-server-ZKTeco\\vendor\\laravel\\framework\\src\\Illuminate\\Foundation\\resources\\server.php(16): require_once('C:\\\\xampp\\\\htdocs...')
#24 {main}
"} 
[2025-10-30 16:02:44] laravel.INFO: User identified as STAFF {"device_id":"200226","staff_id":6,"employee_id":"200226","name":"MAHA LAKSHMI SALLA"} 
[2025-10-30 16:02:44] laravel.EMERGENCY: Unable to create configured logger. Using emergency logger. {"exception":"[object] (InvalidArgumentException(code: 0): Log [] is not defined. at C:\\xampp\\htdocs\\amt\\adms-server-ZKTeco\\vendor\\laravel\\framework\\src\\Illuminate\\Log\\LogManager.php:212)
[stacktrace]
#0 C:\\xampp\\htdocs\\amt\\adms-server-ZKTeco\\vendor\\laravel\\framework\\src\\Illuminate\\Log\\LogManager.php(137): Illuminate\\Log\\LogManager->resolve(NULL, NULL)
#1 C:\\xampp\\htdocs\\amt\\adms-server-ZKTeco\\vendor\\laravel\\framework\\src\\Illuminate\\Log\\LogManager.php(124): Illuminate\\Log\\LogManager->get(NULL)
#2 C:\\xampp\\htdocs\\amt\\adms-server-ZKTeco\\vendor\\laravel\\framework\\src\\Illuminate\\Log\\LogManager.php(722): Illuminate\\Log\\LogManager->driver()
#3 C:\\xampp\\htdocs\\amt\\adms-server-ZKTeco\\vendor\\laravel\\framework\\src\\Illuminate\\Support\\Facades\\Facade.php(355): Illuminate\\Log\\LogManager->info('No specific tim...')
#4 C:\\xampp\\htdocs\\amt\\adms-server-ZKTeco\\app\\Services\\AttendanceTimingService.php(34): Illuminate\\Support\\Facades\\Facade::__callStatic('info', Array)
#5 C:\\xampp\\htdocs\\amt\\adms-server-ZKTeco\\app\\Http\\Controllers\\AttendanceController.php(259): App\\Services\\AttendanceTimingService->processStaffTiming(6, '2024-10-30 09:3...')
#6 C:\\xampp\\htdocs\\amt\\adms-server-ZKTeco\\app\\Http\\Controllers\\AttendanceController.php(155): App\\Http\\Controllers\\AttendanceController->insertStaffAttendance(6, '2024-10-30', '2024-10-30 09:3...', '{\"sn\":\"TEST123\"...')
#7 C:\\xampp\\htdocs\\amt\\adms-server-ZKTeco\\vendor\\laravel\\framework\\src\\Illuminate\\Routing\\Controller.php(54): App\\Http\\Controllers\\AttendanceController->store(Object(Illuminate\\Http\\Request))
#8 C:\\xampp\\htdocs\\amt\\adms-server-ZKTeco\\vendor\\laravel\\framework\\src\\Illuminate\\Routing\\ControllerDispatcher.php(43): Illuminate\\Routing\\Controller->callAction('store', Array)
#9 C:\\xampp\\htdocs\\amt\\adms-server-ZKTeco\\vendor\\laravel\\framework\\src\\Illuminate\\Routing\\Route.php(259): Illuminate\\Routing\\ControllerDispatcher->dispatch(Object(Illuminate\\Routing\\Route), Object(App\\Http\\Controllers\\AttendanceController), 'store')
#10 C:\\xampp\\htdocs\\amt\\adms-server-ZKTeco\\vendor\\laravel\\framework\\src\\Illuminate\\Routing\\Route.php(205): Illuminate\\Routing\\Route->runController()
#11 C:\\xampp\\htdocs\\amt\\adms-server-ZKTeco\\vendor\\laravel\\framework\\src\\Illuminate\\Routing\\Router.php(806): Illuminate\\Routing\\Route->run()
#12 C:\\xampp\\htdocs\\amt\\adms-server-ZKTeco\\vendor\\laravel\\framework\\src\\Illuminate\\Pipeline\\Pipeline.php(144): Illuminate\\Routing\\Router->Illuminate\\Routing\\{closure}(Object(Illuminate\\Http\\Request))
#13 C:\\xampp\\htdocs\\amt\\adms-server-ZKTeco\\vendor\\laravel\\framework\\src\\Illuminate\\Pipeline\\Pipeline.php(119): Illuminate\\Pipeline\\Pipeline->Illuminate\\Pipeline\\{closure}(Object(Illuminate\\Http\\Request))
#14 C:\\xampp\\htdocs\\amt\\adms-server-ZKTeco\\vendor\\laravel\\framework\\src\\Illuminate\\Routing\\Router.php(805): Illuminate\\Pipeline\\Pipeline->then(Object(Closure))
#15 C:\\xampp\\htdocs\\amt\\adms-server-ZKTeco\\vendor\\laravel\\framework\\src\\Illuminate\\Routing\\Router.php(784): Illuminate\\Routing\\Router->runRouteWithinStack(Object(Illuminate\\Routing\\Route), Object(Illuminate\\Http\\Request))
#16 C:\\xampp\\htdocs\\amt\\adms-server-ZKTeco\\vendor\\laravel\\framework\\src\\Illuminate\\Routing\\Router.php(748): Illuminate\\Routing\\Router->runRoute(Object(Illuminate\\Http\\Request), Object(Illuminate\\Routing\\Route))
#17 C:\\xampp\\htdocs\\amt\\adms-server-ZKTeco\\vendor\\laravel\\framework\\src\\Illuminate\\Routing\\Router.php(737): Illuminate\\Routing\\Router->dispatchToRoute(Object(Illuminate\\Http\\Request))
#18 C:\\xampp\\htdocs\\amt\\adms-server-ZKTeco\\vendor\\laravel\\framework\\src\\Illuminate\\Foundation\\Http\\Kernel.php(200): Illuminate\\Routing\\Router->dispatch(Object(Illuminate\\Http\\Request))
#19 C:\\xampp\\htdocs\\amt\\adms-server-ZKTeco\\vendor\\laravel\\framework\\src\\Illuminate\\Pipeline\\Pipeline.php(144): Illuminate\\Foundation\\Http\\Kernel->Illuminate\\Foundation\\Http\\{closure}(Object(Illuminate\\Http\\Request))
#20 C:\\xampp\\htdocs\\amt\\adms-server-ZKTeco\\vendor\\laravel\\framework\\src\\Illuminate\\Pipeline\\Pipeline.php(119): Illuminate\\Pipeline\\Pipeline->Illuminate\\Pipeline\\{closure}(Object(Illuminate\\Http\\Request))
#21 C:\\xampp\\htdocs\\amt\\adms-server-ZKTeco\\vendor\\laravel\\framework\\src\\Illuminate\\Foundation\\Http\\Kernel.php(175): Illuminate\\Pipeline\\Pipeline->then(Object(Closure))
#22 C:\\xampp\\htdocs\\amt\\adms-server-ZKTeco\\vendor\\laravel\\framework\\src\\Illuminate\\Foundation\\Http\\Kernel.php(144): Illuminate\\Foundation\\Http\\Kernel->sendRequestThroughRouter(Object(Illuminate\\Http\\Request))
#23 C:\\xampp\\htdocs\\amt\\adms-server-ZKTeco\\public\\index.php(51): Illuminate\\Foundation\\Http\\Kernel->handle(Object(Illuminate\\Http\\Request))
#24 C:\\xampp\\htdocs\\amt\\adms-server-ZKTeco\\vendor\\laravel\\framework\\src\\Illuminate\\Foundation\\resources\\server.php(16): require_once('C:\\\\xampp\\\\htdocs...')
#25 {main}
"} 
[2025-10-30 16:02:44] laravel.INFO: No specific timing assignments for staff 6, using all active ranges  
[2025-10-30 16:02:44] laravel.EMERGENCY: Unable to create configured logger. Using emergency logger. {"exception":"[object] (InvalidArgumentException(code: 0): Log [] is not defined. at C:\\xampp\\htdocs\\amt\\adms-server-ZKTeco\\vendor\\laravel\\framework\\src\\Illuminate\\Log\\LogManager.php:212)
[stacktrace]
#0 C:\\xampp\\htdocs\\amt\\adms-server-ZKTeco\\vendor\\laravel\\framework\\src\\Illuminate\\Log\\LogManager.php(137): Illuminate\\Log\\LogManager->resolve(NULL, NULL)
#1 C:\\xampp\\htdocs\\amt\\adms-server-ZKTeco\\vendor\\laravel\\framework\\src\\Illuminate\\Log\\LogManager.php(124): Illuminate\\Log\\LogManager->get(NULL)
#2 C:\\xampp\\htdocs\\amt\\adms-server-ZKTeco\\vendor\\laravel\\framework\\src\\Illuminate\\Log\\LogManager.php(696): Illuminate\\Log\\LogManager->driver()
#3 C:\\xampp\\htdocs\\amt\\adms-server-ZKTeco\\vendor\\laravel\\framework\\src\\Illuminate\\Support\\Facades\\Facade.php(355): Illuminate\\Log\\LogManager->warning('No matching tim...')
#4 C:\\xampp\\htdocs\\amt\\adms-server-ZKTeco\\app\\Services\\AttendanceTimingService.php(51): Illuminate\\Support\\Facades\\Facade::__callStatic('warning', Array)
#5 C:\\xampp\\htdocs\\amt\\adms-server-ZKTeco\\app\\Http\\Controllers\\AttendanceController.php(259): App\\Services\\AttendanceTimingService->processStaffTiming(6, '2024-10-30 09:3...')
#6 C:\\xampp\\htdocs\\amt\\adms-server-ZKTeco\\app\\Http\\Controllers\\AttendanceController.php(155): App\\Http\\Controllers\\AttendanceController->insertStaffAttendance(6, '2024-10-30', '2024-10-30 09:3...', '{\"sn\":\"TEST123\"...')
#7 C:\\xampp\\htdocs\\amt\\adms-server-ZKTeco\\vendor\\laravel\\framework\\src\\Illuminate\\Routing\\Controller.php(54): App\\Http\\Controllers\\AttendanceController->store(Object(Illuminate\\Http\\Request))
#8 C:\\xampp\\htdocs\\amt\\adms-server-ZKTeco\\vendor\\laravel\\framework\\src\\Illuminate\\Routing\\ControllerDispatcher.php(43): Illuminate\\Routing\\Controller->callAction('store', Array)
#9 C:\\xampp\\htdocs\\amt\\adms-server-ZKTeco\\vendor\\laravel\\framework\\src\\Illuminate\\Routing\\Route.php(259): Illuminate\\Routing\\ControllerDispatcher->dispatch(Object(Illuminate\\Routing\\Route), Object(App\\Http\\Controllers\\AttendanceController), 'store')
#10 C:\\xampp\\htdocs\\amt\\adms-server-ZKTeco\\vendor\\laravel\\framework\\src\\Illuminate\\Routing\\Route.php(205): Illuminate\\Routing\\Route->runController()
#11 C:\\xampp\\htdocs\\amt\\adms-server-ZKTeco\\vendor\\laravel\\framework\\src\\Illuminate\\Routing\\Router.php(806): Illuminate\\Routing\\Route->run()
#12 C:\\xampp\\htdocs\\amt\\adms-server-ZKTeco\\vendor\\laravel\\framework\\src\\Illuminate\\Pipeline\\Pipeline.php(144): Illuminate\\Routing\\Router->Illuminate\\Routing\\{closure}(Object(Illuminate\\Http\\Request))
#13 C:\\xampp\\htdocs\\amt\\adms-server-ZKTeco\\vendor\\laravel\\framework\\src\\Illuminate\\Pipeline\\Pipeline.php(119): Illuminate\\Pipeline\\Pipeline->Illuminate\\Pipeline\\{closure}(Object(Illuminate\\Http\\Request))
#14 C:\\xampp\\htdocs\\amt\\adms-server-ZKTeco\\vendor\\laravel\\framework\\src\\Illuminate\\Routing\\Router.php(805): Illuminate\\Pipeline\\Pipeline->then(Object(Closure))
#15 C:\\xampp\\htdocs\\amt\\adms-server-ZKTeco\\vendor\\laravel\\framework\\src\\Illuminate\\Routing\\Router.php(784): Illuminate\\Routing\\Router->runRouteWithinStack(Object(Illuminate\\Routing\\Route), Object(Illuminate\\Http\\Request))
#16 C:\\xampp\\htdocs\\amt\\adms-server-ZKTeco\\vendor\\laravel\\framework\\src\\Illuminate\\Routing\\Router.php(748): Illuminate\\Routing\\Router->runRoute(Object(Illuminate\\Http\\Request), Object(Illuminate\\Routing\\Route))
#17 C:\\xampp\\htdocs\\amt\\adms-server-ZKTeco\\vendor\\laravel\\framework\\src\\Illuminate\\Routing\\Router.php(737): Illuminate\\Routing\\Router->dispatchToRoute(Object(Illuminate\\Http\\Request))
#18 C:\\xampp\\htdocs\\amt\\adms-server-ZKTeco\\vendor\\laravel\\framework\\src\\Illuminate\\Foundation\\Http\\Kernel.php(200): Illuminate\\Routing\\Router->dispatch(Object(Illuminate\\Http\\Request))
#19 C:\\xampp\\htdocs\\amt\\adms-server-ZKTeco\\vendor\\laravel\\framework\\src\\Illuminate\\Pipeline\\Pipeline.php(144): Illuminate\\Foundation\\Http\\Kernel->Illuminate\\Foundation\\Http\\{closure}(Object(Illuminate\\Http\\Request))
#20 C:\\xampp\\htdocs\\amt\\adms-server-ZKTeco\\vendor\\laravel\\framework\\src\\Illuminate\\Pipeline\\Pipeline.php(119): Illuminate\\Pipeline\\Pipeline->Illuminate\\Pipeline\\{closure}(Object(Illuminate\\Http\\Request))
#21 C:\\xampp\\htdocs\\amt\\adms-server-ZKTeco\\vendor\\laravel\\framework\\src\\Illuminate\\Foundation\\Http\\Kernel.php(175): Illuminate\\Pipeline\\Pipeline->then(Object(Closure))
#22 C:\\xampp\\htdocs\\amt\\adms-server-ZKTeco\\vendor\\laravel\\framework\\src\\Illuminate\\Foundation\\Http\\Kernel.php(144): Illuminate\\Foundation\\Http\\Kernel->sendRequestThroughRouter(Object(Illuminate\\Http\\Request))
#23 C:\\xampp\\htdocs\\amt\\adms-server-ZKTeco\\public\\index.php(51): Illuminate\\Foundation\\Http\\Kernel->handle(Object(Illuminate\\Http\\Request))
#24 C:\\xampp\\htdocs\\amt\\adms-server-ZKTeco\\vendor\\laravel\\framework\\src\\Illuminate\\Foundation\\resources\\server.php(16): require_once('C:\\\\xampp\\\\htdocs...')
#25 {main}
"} 
[2025-10-30 16:02:44] laravel.WARNING: No matching timing range found for staff 6 at 2024-10-30 09:30:00  
[2025-10-30 16:02:44] laravel.EMERGENCY: Unable to create configured logger. Using emergency logger. {"exception":"[object] (InvalidArgumentException(code: 0): Log [] is not defined. at C:\\xampp\\htdocs\\amt\\adms-server-ZKTeco\\vendor\\laravel\\framework\\src\\Illuminate\\Log\\LogManager.php:212)
[stacktrace]
#0 C:\\xampp\\htdocs\\amt\\adms-server-ZKTeco\\vendor\\laravel\\framework\\src\\Illuminate\\Log\\LogManager.php(137): Illuminate\\Log\\LogManager->resolve(NULL, NULL)
#1 C:\\xampp\\htdocs\\amt\\adms-server-ZKTeco\\vendor\\laravel\\framework\\src\\Illuminate\\Log\\LogManager.php(124): Illuminate\\Log\\LogManager->get(NULL)
#2 C:\\xampp\\htdocs\\amt\\adms-server-ZKTeco\\vendor\\laravel\\framework\\src\\Illuminate\\Log\\LogManager.php(722): Illuminate\\Log\\LogManager->driver()
#3 C:\\xampp\\htdocs\\amt\\adms-server-ZKTeco\\vendor\\laravel\\framework\\src\\Illuminate\\Support\\Facades\\Facade.php(355): Illuminate\\Log\\LogManager->info('Staff attendanc...', Array)
#4 C:\\xampp\\htdocs\\amt\\adms-server-ZKTeco\\app\\Http\\Controllers\\AttendanceController.php(278): Illuminate\\Support\\Facades\\Facade::__callStatic('info', Array)
#5 C:\\xampp\\htdocs\\amt\\adms-server-ZKTeco\\app\\Http\\Controllers\\AttendanceController.php(155): App\\Http\\Controllers\\AttendanceController->insertStaffAttendance(6, '2024-10-30', '2024-10-30 09:3...', '{\"sn\":\"TEST123\"...')
#6 C:\\xampp\\htdocs\\amt\\adms-server-ZKTeco\\vendor\\laravel\\framework\\src\\Illuminate\\Routing\\Controller.php(54): App\\Http\\Controllers\\AttendanceController->store(Object(Illuminate\\Http\\Request))
#7 C:\\xampp\\htdocs\\amt\\adms-server-ZKTeco\\vendor\\laravel\\framework\\src\\Illuminate\\Routing\\ControllerDispatcher.php(43): Illuminate\\Routing\\Controller->callAction('store', Array)
#8 C:\\xampp\\htdocs\\amt\\adms-server-ZKTeco\\vendor\\laravel\\framework\\src\\Illuminate\\Routing\\Route.php(259): Illuminate\\Routing\\ControllerDispatcher->dispatch(Object(Illuminate\\Routing\\Route), Object(App\\Http\\Controllers\\AttendanceController), 'store')
#9 C:\\xampp\\htdocs\\amt\\adms-server-ZKTeco\\vendor\\laravel\\framework\\src\\Illuminate\\Routing\\Route.php(205): Illuminate\\Routing\\Route->runController()
#10 C:\\xampp\\htdocs\\amt\\adms-server-ZKTeco\\vendor\\laravel\\framework\\src\\Illuminate\\Routing\\Router.php(806): Illuminate\\Routing\\Route->run()
#11 C:\\xampp\\htdocs\\amt\\adms-server-ZKTeco\\vendor\\laravel\\framework\\src\\Illuminate\\Pipeline\\Pipeline.php(144): Illuminate\\Routing\\Router->Illuminate\\Routing\\{closure}(Object(Illuminate\\Http\\Request))
#12 C:\\xampp\\htdocs\\amt\\adms-server-ZKTeco\\vendor\\laravel\\framework\\src\\Illuminate\\Pipeline\\Pipeline.php(119): Illuminate\\Pipeline\\Pipeline->Illuminate\\Pipeline\\{closure}(Object(Illuminate\\Http\\Request))
#13 C:\\xampp\\htdocs\\amt\\adms-server-ZKTeco\\vendor\\laravel\\framework\\src\\Illuminate\\Routing\\Router.php(805): Illuminate\\Pipeline\\Pipeline->then(Object(Closure))
#14 C:\\xampp\\htdocs\\amt\\adms-server-ZKTeco\\vendor\\laravel\\framework\\src\\Illuminate\\Routing\\Router.php(784): Illuminate\\Routing\\Router->runRouteWithinStack(Object(Illuminate\\Routing\\Route), Object(Illuminate\\Http\\Request))
#15 C:\\xampp\\htdocs\\amt\\adms-server-ZKTeco\\vendor\\laravel\\framework\\src\\Illuminate\\Routing\\Router.php(748): Illuminate\\Routing\\Router->runRoute(Object(Illuminate\\Http\\Request), Object(Illuminate\\Routing\\Route))
#16 C:\\xampp\\htdocs\\amt\\adms-server-ZKTeco\\vendor\\laravel\\framework\\src\\Illuminate\\Routing\\Router.php(737): Illuminate\\Routing\\Router->dispatchToRoute(Object(Illuminate\\Http\\Request))
#17 C:\\xampp\\htdocs\\amt\\adms-server-ZKTeco\\vendor\\laravel\\framework\\src\\Illuminate\\Foundation\\Http\\Kernel.php(200): Illuminate\\Routing\\Router->dispatch(Object(Illuminate\\Http\\Request))
#18 C:\\xampp\\htdocs\\amt\\adms-server-ZKTeco\\vendor\\laravel\\framework\\src\\Illuminate\\Pipeline\\Pipeline.php(144): Illuminate\\Foundation\\Http\\Kernel->Illuminate\\Foundation\\Http\\{closure}(Object(Illuminate\\Http\\Request))
#19 C:\\xampp\\htdocs\\amt\\adms-server-ZKTeco\\vendor\\laravel\\framework\\src\\Illuminate\\Pipeline\\Pipeline.php(119): Illuminate\\Pipeline\\Pipeline->Illuminate\\Pipeline\\{closure}(Object(Illuminate\\Http\\Request))
#20 C:\\xampp\\htdocs\\amt\\adms-server-ZKTeco\\vendor\\laravel\\framework\\src\\Illuminate\\Foundation\\Http\\Kernel.php(175): Illuminate\\Pipeline\\Pipeline->then(Object(Closure))
#21 C:\\xampp\\htdocs\\amt\\adms-server-ZKTeco\\vendor\\laravel\\framework\\src\\Illuminate\\Foundation\\Http\\Kernel.php(144): Illuminate\\Foundation\\Http\\Kernel->sendRequestThroughRouter(Object(Illuminate\\Http\\Request))
#22 C:\\xampp\\htdocs\\amt\\adms-server-ZKTeco\\public\\index.php(51): Illuminate\\Foundation\\Http\\Kernel->handle(Object(Illuminate\\Http\\Request))
#23 C:\\xampp\\htdocs\\amt\\adms-server-ZKTeco\\vendor\\laravel\\framework\\src\\Illuminate\\Foundation\\resources\\server.php(16): require_once('C:\\\\xampp\\\\htdocs...')
#24 {main}
"} 
[2025-10-30 16:02:44] laravel.INFO: Staff attendance recorded {"staff_id":6,"timestamp":"2024-10-30 09:30:00","attendance_type_id":1,"is_authorized_range":0,"remark":"Unauthorized time punch at 09:30:00"} 
